!SESSION 2022-10-02 19:01:08.250 -----------------------------------------------
eclipse.buildId=unknown
java.version=1.8.0_202
java.vendor=Oracle Corporation
BootLoader constants: OS=win32, ARCH=x86_64, WS=win32, NL=en_IN

!ENTRY org.eclipse.osgi 4 0 2022-10-02 19:04:29.131
!MESSAGE Error reading configuration: An error occurred while locking file "Z:\home\adyansh\Smart Bulb\configuration\org.eclipse.osgi\.manager\.fileTableLock": "Incorrect function". A common reason is that the file system or Runtime Environment does not support file locking for that location. Please choose a different location, or disable file locking by passing "-Dosgi.locking=none" as a VM argument.
!STACK 0
java.io.IOException: An error occurred while locking file "Z:\home\adyansh\Smart Bulb\configuration\org.eclipse.osgi\.manager\.fileTableLock": "Incorrect function". A common reason is that the file system or Runtime Environment does not support file locking for that location. Please choose a different location, or disable file locking by passing "-Dosgi.locking=none" as a VM argument.
	at org.eclipse.osgi.internal.location.Locker_JavaNio.lock(Locker_JavaNio.java:49)
	at org.eclipse.osgi.storagemanager.StorageManager.lock(StorageManager.java:388)
	at org.eclipse.osgi.storagemanager.StorageManager.open(StorageManager.java:701)
	at org.eclipse.osgi.storage.Storage.getChildStorageManager(Storage.java:1749)
	at org.eclipse.osgi.storage.Storage.getInfoInputStream(Storage.java:1766)
	at org.eclipse.osgi.storage.Storage.<init>(Storage.java:126)
	at org.eclipse.osgi.storage.Storage.createStorage(Storage.java:85)
	at org.eclipse.osgi.internal.framework.EquinoxContainer.<init>(EquinoxContainer.java:75)
	at org.eclipse.osgi.launch.Equinox.<init>(Equinox.java:31)
	at org.eclipse.core.runtime.adaptor.EclipseStarter.startup(EclipseStarter.java:295)
	at org.eclipse.core.runtime.adaptor.EclipseStarter.run(EclipseStarter.java:231)
	at sun.reflect.NativeMethodAccessorImpl.invoke0(Native Method)
	at sun.reflect.NativeMethodAccessorImpl.invoke(NativeMethodAccessorImpl.java:62)
	at sun.reflect.DelegatingMethodAccessorImpl.invoke(DelegatingMethodAccessorImpl.java:43)
	at java.lang.reflect.Method.invoke(Method.java:498)
	at org.eclipse.equinox.launcher.Main.invokeFramework(Main.java:648)
	at org.eclipse.equinox.launcher.Main.basicRun(Main.java:603)
	at org.eclipse.equinox.launcher.Main.run(Main.java:1465)
	at org.eclipse.equinox.launcher.Main.main(Main.java:1438)
